<?xml version="1.0" encoding="UTF-8"?>
<!-- Generated by org.testng.reporters.JUnitReportReporter -->
<testsuite hostname="Naveen-PC" name="com.col.gtw.tests.LoginTest" tests="1" failures="0" timestamp="14 Dec 2015 19:40:39 GMT" time="55.181" errors="0">
  <testcase name="colTest" time="55.181" classname="com.col.gtw.tests.LoginTest"/>
</testsuite> <!-- com.col.gtw.tests.LoginTest -->
