<?xml version="1.0" encoding="UTF-8"?>
<!-- Generated by org.testng.reporters.JUnitReportReporter -->
<testsuite hostname="Naveen-PC" name="com.col.gtw.tests.SampleTest" tests="2" failures="0" timestamp="15 Dec 2015 17:04:31 GMT" time="11.293" errors="0">
  <testcase name="invalidUserNamePasswdSignInSample" time="5.090" classname="com.col.gtw.tests.SampleTest"/>
  <testcase name="invalidUserNamePasswdSignInSample" time="6.203" classname="com.col.gtw.tests.SampleTest"/>
</testsuite> <!-- com.col.gtw.tests.SampleTest -->
