<?xml version="1.0" encoding="UTF-8"?>
<!-- Generated by org.testng.reporters.JUnitReportReporter -->
<testsuite hostname="Naveen-PC" name="com.col.gtw.core.CoreBase" tests="1" failures="0" timestamp="5 Dec 2015 19:12:18 GMT" time="18.326" errors="0">
  <testcase name="init" time="18.326" classname="com.col.gtw.core.CoreBase"/>
</testsuite> <!-- com.col.gtw.core.CoreBase -->
