<?xml version="1.0" encoding="UTF-8"?>
<!-- Generated by org.testng.reporters.JUnitReportReporter -->
<testsuite hostname="Naveen-PC" name="com.col.gtw.tests.SampleTest" tests="1" failures="0" timestamp="15 Dec 2015 12:49:48 GMT" time="51.559" errors="0">
  <testcase name="colTest" time="51.559" classname="com.col.gtw.tests.SampleTest"/>
</testsuite> <!-- com.col.gtw.tests.SampleTest -->
